RATIO_LIST=4/1
REPEAT_COUNT=3
RUN_COUNT=50000
VALUE_SIZE_POWER_RANGE=8 15
Fri Jul 19 05:29:54 PM UTC 2024
start etcd server in the background
initialize etcd database...
run with setting [DATA,4.0000,32,256]...took 80 seconds
kill etcd server instance
start etcd server in the background
initialize etcd database...
run with setting [DATA,4.0000,64,256]...took 74 seconds
kill etcd server instance
5.300% completed
start etcd server in the background
initialize etcd database...
run with setting [DATA,4.0000,128,256]...took 71 seconds
kill etcd server instance
start etcd server in the background
initialize etcd database...
run with setting [DATA,4.0000,256,256]...took 67 seconds
kill etcd server instance
start etcd server in the background
initialize etcd database...
run with setting [DATA,4.0000,512,256]...took 68 seconds
kill etcd server instance
10.700% completed
start etcd server in the background
initialize etcd database...
run with setting [DATA,4.0000,1024,256]...took 67 seconds
kill etcd server instance
start etcd server in the background
initialize etcd database...
run with setting [DATA,4.0000,2048,256]...took 72 seconds
kill etcd server instance
start etcd server in the background
initialize etcd database...
run with setting [DATA,4.0000,32,512]...took 87 seconds
kill etcd server instance
16.000% completed
start etcd server in the background
initialize etcd database...
run with setting [DATA,4.0000,64,512]...took 78 seconds
kill etcd server instance
start etcd server in the background
initialize etcd database...
run with setting [DATA,4.0000,128,512]...took 75 seconds
kill etcd server instance
start etcd server in the background
initialize etcd database...
run with setting [DATA,4.0000,256,512]...took 73 seconds
kill etcd server instance
21.400% completed
start etcd server in the background
initialize etcd database...
run with setting [DATA,4.0000,512,512]...took 71 seconds
kill etcd server instance
start etcd server in the background
initialize etcd database...
run with setting [DATA,4.0000,1024,512]...took 72 seconds
kill etcd server instance
start etcd server in the background
initialize etcd database...
run with setting [DATA,4.0000,2048,512]...took 71 seconds
kill etcd server instance
26.700% completed
start etcd server in the background
initialize etcd database...
run with setting [DATA,4.0000,32,1024]...took 92 seconds
kill etcd server instance
start etcd server in the background
initialize etcd database...
run with setting [DATA,4.0000,64,1024]...took 81 seconds
kill etcd server instance
start etcd server in the background
initialize etcd database...
run with setting [DATA,4.0000,128,1024]...took 79 seconds
kill etcd server instance
32.100% completed
start etcd server in the background
initialize etcd database...
run with setting [DATA,4.0000,256,1024]...took 77 seconds
kill etcd server instance
start etcd server in the background
initialize etcd database...
run with setting [DATA,4.0000,512,1024]...took 76 seconds
kill etcd server instance
start etcd server in the background
initialize etcd database...
run with setting [DATA,4.0000,1024,1024]...took 73 seconds
kill etcd server instance
37.500% completed
start etcd server in the background
initialize etcd database...
run with setting [DATA,4.0000,2048,1024]...took 78 seconds
kill etcd server instance
start etcd server in the background
initialize etcd database...
run with setting [DATA,4.0000,32,2048]...took 99 seconds
kill etcd server instance
start etcd server in the background
initialize etcd database...
run with setting [DATA,4.0000,64,2048]...took 91 seconds
kill etcd server instance
42.800% completed
start etcd server in the background
initialize etcd database...
run with setting [DATA,4.0000,128,2048]...took 88 seconds
kill etcd server instance
start etcd server in the background
initialize etcd database...
run with setting [DATA,4.0000,256,2048]...took 83 seconds
kill etcd server instance
start etcd server in the background
initialize etcd database...
run with setting [DATA,4.0000,512,2048]...took 85 seconds
kill etcd server instance
48.200% completed
start etcd server in the background
initialize etcd database...
run with setting [DATA,4.0000,1024,2048]...took 83 seconds
kill etcd server instance
start etcd server in the background
initialize etcd database...
run with setting [DATA,4.0000,2048,2048]...took 85 seconds
kill etcd server instance
start etcd server in the background
initialize etcd database...
run with setting [DATA,4.0000,32,4096]...took 109 seconds
kill etcd server instance
53.500% completed
start etcd server in the background
initialize etcd database...
run with setting [DATA,4.0000,64,4096]...took 103 seconds
kill etcd server instance
start etcd server in the background
initialize etcd database...
run with setting [DATA,4.0000,128,4096]...took 101 seconds
kill etcd server instance
start etcd server in the background
initialize etcd database...
run with setting [DATA,4.0000,256,4096]...took 98 seconds
kill etcd server instance
58.900% completed
start etcd server in the background
initialize etcd database...
run with setting [DATA,4.0000,512,4096]...took 94 seconds
kill etcd server instance
start etcd server in the background
initialize etcd database...
run with setting [DATA,4.0000,1024,4096]...took 95 seconds
kill etcd server instance
start etcd server in the background
initialize etcd database...
run with setting [DATA,4.0000,2048,4096]...took 95 seconds
kill etcd server instance
64.200% completed
start etcd server in the background
initialize etcd database...
run with setting [DATA,4.0000,32,8192]...took 132 seconds
kill etcd server instance
start etcd server in the background
initialize etcd database...
run with setting [DATA,4.0000,64,8192]...took 125 seconds
kill etcd server instance
start etcd server in the background
initialize etcd database...
run with setting [DATA,4.0000,128,8192]...took 120 seconds
kill etcd server instance
69.600% completed
start etcd server in the background
initialize etcd database...
run with setting [DATA,4.0000,256,8192]...took 114 seconds
kill etcd server instance
start etcd server in the background
initialize etcd database...
run with setting [DATA,4.0000,512,8192]...took 115 seconds
kill etcd server instance
start etcd server in the background
initialize etcd database...
run with setting [DATA,4.0000,1024,8192]...took 114 seconds
kill etcd server instance
75.000% completed
start etcd server in the background
initialize etcd database...
run with setting [DATA,4.0000,2048,8192]...took 113 seconds
kill etcd server instance
start etcd server in the background
initialize etcd database...
run with setting [DATA,4.0000,32,16384]...took 186 seconds
kill etcd server instance
start etcd server in the background
initialize etcd database...
run with setting [DATA,4.0000,64,16384]...took 170 seconds
kill etcd server instance
80.300% completed
start etcd server in the background
initialize etcd database...
run with setting [DATA,4.0000,128,16384]...took 163 seconds
kill etcd server instance
start etcd server in the background
initialize etcd database...
run with setting [DATA,4.0000,256,16384]...took 157 seconds
kill etcd server instance
start etcd server in the background
initialize etcd database...
run with setting [DATA,4.0000,512,16384]...took 153 seconds
kill etcd server instance
85.700% completed
start etcd server in the background
initialize etcd database...
run with setting [DATA,4.0000,1024,16384]...took 153 seconds
kill etcd server instance
start etcd server in the background
initialize etcd database...
run with setting [DATA,4.0000,2048,16384]...took 150 seconds
kill etcd server instance
start etcd server in the background
initialize etcd database...
run with setting [DATA,4.0000,32,32768]...took 251 seconds
kill etcd server instance
91.000% completed
start etcd server in the background
initialize etcd database...
run with setting [DATA,4.0000,64,32768]...took 244 seconds
kill etcd server instance
start etcd server in the background
initialize etcd database...
run with setting [DATA,4.0000,128,32768]...took 227 seconds
kill etcd server instance
start etcd server in the background
initialize etcd database...
run with setting [DATA,4.0000,256,32768]...took 217 seconds
kill etcd server instance
96.400% completed
start etcd server in the background
initialize etcd database...
run with setting [DATA,4.0000,512,32768]...took 217 seconds
kill etcd server instance
start etcd server in the background
initialize etcd database...
run with setting [DATA,4.0000,1024,32768]...took 214 seconds
kill etcd server instance
start etcd server in the background
initialize etcd database...
run with setting [DATA,4.0000,2048,32768]...took 206 seconds
kill etcd server instance
start etcd server in the background
initialize etcd database...
run with setting [DATA,4.0000,32,256]...took 96 seconds
kill etcd server instance
start etcd server in the background
initialize etcd database...
run with setting [DATA,4.0000,64,256]...took 90 seconds
kill etcd server instance
5.300% completed
start etcd server in the background
initialize etcd database...
run with setting [DATA,4.0000,128,256]...took 86 seconds
kill etcd server instance
start etcd server in the background
initialize etcd database...
run with setting [DATA,4.0000,256,256]...took 83 seconds
kill etcd server instance
start etcd server in the background
initialize etcd database...
run with setting [DATA,4.0000,512,256]...took 81 seconds
kill etcd server instance
10.700% completed
start etcd server in the background
initialize etcd database...
run with setting [DATA,4.0000,1024,256]...took 80 seconds
kill etcd server instance
start etcd server in the background
initialize etcd database...
run with setting [DATA,4.0000,2048,256]...took 81 seconds
kill etcd server instance
start etcd server in the background
initialize etcd database...
run with setting [DATA,4.0000,32,512]...took 111 seconds
kill etcd server instance
16.000% completed
start etcd server in the background
initialize etcd database...
run with setting [DATA,4.0000,64,512]...took 100 seconds
kill etcd server instance
start etcd server in the background
initialize etcd database...
run with setting [DATA,4.0000,128,512]...took 93 seconds
kill etcd server instance
start etcd server in the background
initialize etcd database...
run with setting [DATA,4.0000,256,512]...took 87 seconds
kill etcd server instance
21.400% completed
start etcd server in the background
initialize etcd database...
run with setting [DATA,4.0000,512,512]...took 85 seconds
kill etcd server instance
start etcd server in the background
initialize etcd database...
run with setting [DATA,4.0000,1024,512]...took 84 seconds
kill etcd server instance
start etcd server in the background
initialize etcd database...
run with setting [DATA,4.0000,2048,512]...took 86 seconds
kill etcd server instance
26.700% completed
start etcd server in the background
initialize etcd database...
run with setting [DATA,4.0000,32,1024]...took 108 seconds
kill etcd server instance
start etcd server in the background
initialize etcd database...
run with setting [DATA,4.0000,64,1024]...took 99 seconds
kill etcd server instance
start etcd server in the background
initialize etcd database...
run with setting [DATA,4.0000,128,1024]...took 91 seconds
kill etcd server instance
32.100% completed
start etcd server in the background
initialize etcd database...
run with setting [DATA,4.0000,256,1024]...took 89 seconds
kill etcd server instance
start etcd server in the background
initialize etcd database...
run with setting [DATA,4.0000,512,1024]...took 88 seconds
kill etcd server instance
start etcd server in the background
initialize etcd database...
run with setting [DATA,4.0000,1024,1024]...took 87 seconds
kill etcd server instance
37.500% completed
start etcd server in the background
initialize etcd database...
run with setting [DATA,4.0000,2048,1024]...took 88 seconds
kill etcd server instance
start etcd server in the background
initialize etcd database...
run with setting [DATA,4.0000,32,2048]...took 114 seconds
kill etcd server instance
start etcd server in the background
initialize etcd database...
run with setting [DATA,4.0000,64,2048]...took 106 seconds
kill etcd server instance
42.800% completed
start etcd server in the background
initialize etcd database...
run with setting [DATA,4.0000,128,2048]...took 100 seconds
kill etcd server instance
start etcd server in the background
initialize etcd database...
run with setting [DATA,4.0000,256,2048]...took 96 seconds
kill etcd server instance
start etcd server in the background
initialize etcd database...
run with setting [DATA,4.0000,512,2048]...took 95 seconds
kill etcd server instance
48.200% completed
start etcd server in the background
initialize etcd database...
run with setting [DATA,4.0000,1024,2048]...took 95 seconds
kill etcd server instance
start etcd server in the background
initialize etcd database...
run with setting [DATA,4.0000,2048,2048]...took 95 seconds
kill etcd server instance
start etcd server in the background
initialize etcd database...
run with setting [DATA,4.0000,32,4096]...took 123 seconds
kill etcd server instance
53.500% completed
start etcd server in the background
initialize etcd database...
run with setting [DATA,4.0000,64,4096]...took 117 seconds
kill etcd server instance
start etcd server in the background
initialize etcd database...
run with setting [DATA,4.0000,128,4096]...took 113 seconds
kill etcd server instance
start etcd server in the background
initialize etcd database...
run with setting [DATA,4.0000,256,4096]...took 108 seconds
kill etcd server instance
58.900% completed
start etcd server in the background
initialize etcd database...
run with setting [DATA,4.0000,512,4096]...took 105 seconds
kill etcd server instance
start etcd server in the background
initialize etcd database...
run with setting [DATA,4.0000,1024,4096]...took 106 seconds
kill etcd server instance
start etcd server in the background
initialize etcd database...
run with setting [DATA,4.0000,2048,4096]...took 105 seconds
kill etcd server instance
64.200% completed
start etcd server in the background
initialize etcd database...
run with setting [DATA,4.0000,32,8192]...took 143 seconds
kill etcd server instance
start etcd server in the background
initialize etcd database...
run with setting [DATA,4.0000,64,8192]...took 137 seconds
kill etcd server instance
start etcd server in the background
initialize etcd database...
run with setting [DATA,4.0000,128,8192]...took 131 seconds
kill etcd server instance
69.600% completed
start etcd server in the background
initialize etcd database...
run with setting [DATA,4.0000,256,8192]...took 129 seconds
kill etcd server instance
start etcd server in the background
initialize etcd database...
run with setting [DATA,4.0000,512,8192]...took 126 seconds
kill etcd server instance
start etcd server in the background
initialize etcd database...
run with setting [DATA,4.0000,1024,8192]...took 126 seconds
kill etcd server instance
75.000% completed
start etcd server in the background
initialize etcd database...
run with setting [DATA,4.0000,2048,8192]...took 127 seconds
kill etcd server instance
start etcd server in the background
initialize etcd database...
run with setting [DATA,4.0000,32,16384]...took 198 seconds
kill etcd server instance
start etcd server in the background
initialize etcd database...
run with setting [DATA,4.0000,64,16384]...took 184 seconds
kill etcd server instance
80.300% completed
start etcd server in the background
initialize etcd database...
run with setting [DATA,4.0000,128,16384]...took 171 seconds
kill etcd server instance
start etcd server in the background
initialize etcd database...
run with setting [DATA,4.0000,256,16384]...took 167 seconds
kill etcd server instance
start etcd server in the background
initialize etcd database...
run with setting [DATA,4.0000,512,16384]...took 162 seconds
kill etcd server instance
85.700% completed
start etcd server in the background
initialize etcd database...
run with setting [DATA,4.0000,1024,16384]...took 161 seconds
kill etcd server instance
start etcd server in the background
initialize etcd database...
run with setting [DATA,4.0000,2048,16384]...took 163 seconds
kill etcd server instance
start etcd server in the background
initialize etcd database...
run with setting [DATA,4.0000,32,32768]...took 269 seconds
kill etcd server instance
91.000% completed
start etcd server in the background
initialize etcd database...
run with setting [DATA,4.0000,64,32768]...took 252 seconds
kill etcd server instance
start etcd server in the background
initialize etcd database...
run with setting [DATA,4.0000,128,32768]...took 237 seconds
kill etcd server instance
start etcd server in the background
initialize etcd database...
run with setting [DATA,4.0000,256,32768]...took 236 seconds
kill etcd server instance
96.400% completed
start etcd server in the background
initialize etcd database...
run with setting [DATA,4.0000,512,32768]...took 230 seconds
kill etcd server instance
start etcd server in the background
initialize etcd database...
run with setting [DATA,4.0000,1024,32768]...took 221 seconds
kill etcd server instance
start etcd server in the background
initialize etcd database...
run with setting [DATA,4.0000,2048,32768]...took 223 seconds
kill etcd server instance
Fri Jul 19 11:00:03 PM UTC 2024
